2016/08/01 02:56:47 [error] [system.db.CDbCommand] CDbCommand::execute() failed: SQLSTATE[42S02]: Base table or view not found: 1146 Table 'cortecle_cortecle_dev_yashco.tax_calculation_rate' doesn't exist. The SQL statement executed was: 
INSERT INTO tax_calculation_rate VALUES ('1', 'US', '12', '*', 'US-CA-*-Rate 1', '8.2500', null, null, null);
.
2016/08/01 02:56:47 [error] [exception.CDbException] exception 'CDbException' with message 'CDbCommand failed to execute the SQL statement: SQLSTATE[42S02]: Base table or view not found: 1146 Table 'cortecle_cortecle_dev_yashco.tax_calculation_rate' doesn't exist. The SQL statement executed was: 
INSERT INTO tax_calculation_rate VALUES ('1', 'US', '12', '*', 'US-CA-*-Rate 1', '8.2500', null, null, null);
' in /chroot/home/cortecle/compositedeckcleaner.com/html/dev/pub/ub-tool/yii/db/CDbCommand.php:358
Stack trace:
#0 /chroot/home/cortecle/compositedeckcleaner.com/html/dev/pub/ub-tool/protected/models/MigrateSteps.php(238): CDbCommand->execute()
#1 /chroot/home/cortecle/compositedeckcleaner.com/html/dev/pub/ub-tool/protected/controllers/MigrateController.php(3902): MigrateSteps::executeFile('/chroot/home/co...')
#2 /chroot/home/cortecle/compositedeckcleaner.com/html/dev/pub/ub-tool/yii/web/actions/CInlineAction.php(49): MigrateController->actionResetAll()
#3 /chroot/home/cortecle/compositedeckcleaner.com/html/dev/pub/ub-tool/yii/web/CController.php(308): CInlineAction->runWithParams(Array)
#4 /chroot/home/cortecle/compositedeckcleaner.com/html/dev/pub/ub-tool/yii/web/CController.php(286): CController->runAction(Object(CInlineAction))
#5 /chroot/home/cortecle/compositedeckcleaner.com/html/dev/pub/ub-tool/yii/web/CController.php(265): CController->runActionWithFilters(Object(CInlineAction), Array)
#6 /chroot/home/cortecle/compositedeckcleaner.com/html/dev/pub/ub-tool/yii/web/CWebApplication.php(282): CController->run('resetAll')
#7 /chroot/home/cortecle/compositedeckcleaner.com/html/dev/pub/ub-tool/yii/web/CWebApplication.php(141): CWebApplication->runController('migrate/resetAl...')
#8 /chroot/home/cortecle/compositedeckcleaner.com/html/dev/pub/ub-tool/yii/base/CApplication.php(184): CWebApplication->processRequest()
#9 /chroot/home/cortecle/compositedeckcleaner.com/html/dev/pub/ub-tool/index.php(13): CApplication->run()
#10 {main}
REQUEST_URI=/pub/ub-tool/index.php/migrate/resetAll
HTTP_REFERER=http://dev.compositedeckcleaner.com/pub/ub-tool/index.php/migrate/step1
---
2016/08/01 03:00:00 [error] [system.db.CDbCommand] CDbCommand::execute() failed: SQLSTATE[23000]: Integrity constraint violation: 1062 Duplicate entry 'products.html-1' for key 'URL_REWRITE_REQUEST_PATH_STORE_ID'. The SQL statement executed was: INSERT INTO `mg_url_rewrite` (`redirect_type`, `is_autogenerated`, `entity_type`, `entity_id`, `request_path`, `target_path`, `store_id`, `description`, `metadata`) VALUES (:yp0, :yp1, :yp2, :yp3, :yp4, :yp5, :yp6, :yp7, :yp8).
2016/08/01 03:00:00 [error] [exception.CDbException] exception 'CDbException' with message 'CDbCommand failed to execute the SQL statement: SQLSTATE[23000]: Integrity constraint violation: 1062 Duplicate entry 'products.html-1' for key 'URL_REWRITE_REQUEST_PATH_STORE_ID'. The SQL statement executed was: INSERT INTO `mg_url_rewrite` (`redirect_type`, `is_autogenerated`, `entity_type`, `entity_id`, `request_path`, `target_path`, `store_id`, `description`, `metadata`) VALUES (:yp0, :yp1, :yp2, :yp3, :yp4, :yp5, :yp6, :yp7, :yp8)' in /chroot/home/cortecle/compositedeckcleaner.com/html/dev/pub/ub-tool/yii/db/CDbCommand.php:358
Stack trace:
#0 /chroot/home/cortecle/compositedeckcleaner.com/html/dev/pub/ub-tool/yii/db/ar/CActiveRecord.php(1080): CDbCommand->execute()
#1 /chroot/home/cortecle/compositedeckcleaner.com/html/dev/pub/ub-tool/yii/db/ar/CActiveRecord.php(809): CActiveRecord->insert(NULL)
#2 /chroot/home/cortecle/compositedeckcleaner.com/html/dev/pub/ub-tool/protected/controllers/MigrateController.php(1403): CActiveRecord->save()
#3 /chroot/home/cortecle/compositedeckcleaner.com/html/dev/pub/ub-tool/yii/web/actions/CInlineAction.php(49): MigrateController->actionStep5()
#4 /chroot/home/cortecle/compositedeckcleaner.com/html/dev/pub/ub-tool/yii/web/CController.php(308): CInlineAction->runWithParams(Array)
#5 /chroot/home/cortecle/compositedeckcleaner.com/html/dev/pub/ub-tool/yii/web/CController.php(286): CController->runAction(Object(CInlineAction))
#6 /chroot/home/cortecle/compositedeckcleaner.com/html/dev/pub/ub-tool/yii/web/CController.php(265): CController->runActionWithFilters(Object(CInlineAction), Array)
#7 /chroot/home/cortecle/compositedeckcleaner.com/html/dev/pub/ub-tool/yii/web/CWebApplication.php(282): CController->run('step5')
#8 /chroot/home/cortecle/compositedeckcleaner.com/html/dev/pub/ub-tool/yii/web/CWebApplication.php(141): CWebApplication->runController('migrate/step5')
#9 /chroot/home/cortecle/compositedeckcleaner.com/html/dev/pub/ub-tool/yii/base/CApplication.php(184): CWebApplication->processRequest()
#10 /chroot/home/cortecle/compositedeckcleaner.com/html/dev/pub/ub-tool/index.php(13): CApplication->run()
#11 {main}
REQUEST_URI=/pub/ub-tool/index.php/migrate/step5
HTTP_REFERER=http://dev.compositedeckcleaner.com/pub/ub-tool/index.php/migrate/step5
---
2016/08/01 03:00:58 [error] [system.db.CDbCommand] CDbCommand::execute() failed: SQLSTATE[23000]: Integrity constraint violation: 1062 Duplicate entry '2' for key 'PRIMARY'. The SQL statement executed was: INSERT INTO `mg_catalog_product_entity` (`attribute_set_id`, `type_id`, `has_options`, `required_options`, `entity_id`, `sku`, `created_at`, `updated_at`) VALUES (:yp0, :yp1, :yp2, :yp3, :yp4, :yp5, :yp6, :yp7).
2016/08/01 03:00:58 [error] [exception.CDbException] exception 'CDbException' with message 'CDbCommand failed to execute the SQL statement: SQLSTATE[23000]: Integrity constraint violation: 1062 Duplicate entry '2' for key 'PRIMARY'. The SQL statement executed was: INSERT INTO `mg_catalog_product_entity` (`attribute_set_id`, `type_id`, `has_options`, `required_options`, `entity_id`, `sku`, `created_at`, `updated_at`) VALUES (:yp0, :yp1, :yp2, :yp3, :yp4, :yp5, :yp6, :yp7)' in /chroot/home/cortecle/compositedeckcleaner.com/html/dev/pub/ub-tool/yii/db/CDbCommand.php:358
Stack trace:
#0 /chroot/home/cortecle/compositedeckcleaner.com/html/dev/pub/ub-tool/yii/db/ar/CActiveRecord.php(1080): CDbCommand->execute()
#1 /chroot/home/cortecle/compositedeckcleaner.com/html/dev/pub/ub-tool/yii/db/ar/CActiveRecord.php(809): CActiveRecord->insert(NULL)
#2 /chroot/home/cortecle/compositedeckcleaner.com/html/dev/pub/ub-tool/protected/controllers/MigrateController.php(1034): CActiveRecord->save()
#3 /chroot/home/cortecle/compositedeckcleaner.com/html/dev/pub/ub-tool/yii/web/actions/CInlineAction.php(49): MigrateController->actionStep5()
#4 /chroot/home/cortecle/compositedeckcleaner.com/html/dev/pub/ub-tool/yii/web/CController.php(308): CInlineAction->runWithParams(Array)
#5 /chroot/home/cortecle/compositedeckcleaner.com/html/dev/pub/ub-tool/yii/web/CController.php(286): CController->runAction(Object(CInlineAction))
#6 /chroot/home/cortecle/compositedeckcleaner.com/html/dev/pub/ub-tool/yii/web/CController.php(265): CController->runActionWithFilters(Object(CInlineAction), Array)
#7 /chroot/home/cortecle/compositedeckcleaner.com/html/dev/pub/ub-tool/yii/web/CWebApplication.php(282): CController->run('step5')
#8 /chroot/home/cortecle/compositedeckcleaner.com/html/dev/pub/ub-tool/yii/web/CWebApplication.php(141): CWebApplication->runController('migrate/step5')
#9 /chroot/home/cortecle/compositedeckcleaner.com/html/dev/pub/ub-tool/yii/base/CApplication.php(184): CWebApplication->processRequest()
#10 /chroot/home/cortecle/compositedeckcleaner.com/html/dev/pub/ub-tool/index.php(13): CApplication->run()
#11 {main}
REQUEST_URI=/pub/ub-tool/index.php/migrate/step5
HTTP_REFERER=http://dev.compositedeckcleaner.com/pub/ub-tool/index.php/migrate/step5
---
2016/08/01 03:04:09 [error] [system.db.CDbCommand] CDbCommand::execute() failed: SQLSTATE[23000]: Integrity constraint violation: 1062 Duplicate entry '2' for key 'PRIMARY'. The SQL statement executed was: INSERT INTO `mg_catalog_product_entity` (`attribute_set_id`, `type_id`, `has_options`, `required_options`, `entity_id`, `sku`, `created_at`, `updated_at`) VALUES (:yp0, :yp1, :yp2, :yp3, :yp4, :yp5, :yp6, :yp7).
2016/08/01 03:04:09 [error] [exception.CDbException] exception 'CDbException' with message 'CDbCommand failed to execute the SQL statement: SQLSTATE[23000]: Integrity constraint violation: 1062 Duplicate entry '2' for key 'PRIMARY'. The SQL statement executed was: INSERT INTO `mg_catalog_product_entity` (`attribute_set_id`, `type_id`, `has_options`, `required_options`, `entity_id`, `sku`, `created_at`, `updated_at`) VALUES (:yp0, :yp1, :yp2, :yp3, :yp4, :yp5, :yp6, :yp7)' in /chroot/home/cortecle/compositedeckcleaner.com/html/dev/pub/ub-tool/yii/db/CDbCommand.php:358
Stack trace:
#0 /chroot/home/cortecle/compositedeckcleaner.com/html/dev/pub/ub-tool/yii/db/ar/CActiveRecord.php(1080): CDbCommand->execute()
#1 /chroot/home/cortecle/compositedeckcleaner.com/html/dev/pub/ub-tool/yii/db/ar/CActiveRecord.php(809): CActiveRecord->insert(NULL)
#2 /chroot/home/cortecle/compositedeckcleaner.com/html/dev/pub/ub-tool/protected/controllers/MigrateController.php(1034): CActiveRecord->save()
#3 /chroot/home/cortecle/compositedeckcleaner.com/html/dev/pub/ub-tool/yii/web/actions/CInlineAction.php(49): MigrateController->actionStep5()
#4 /chroot/home/cortecle/compositedeckcleaner.com/html/dev/pub/ub-tool/yii/web/CController.php(308): CInlineAction->runWithParams(Array)
#5 /chroot/home/cortecle/compositedeckcleaner.com/html/dev/pub/ub-tool/yii/web/CController.php(286): CController->runAction(Object(CInlineAction))
#6 /chroot/home/cortecle/compositedeckcleaner.com/html/dev/pub/ub-tool/yii/web/CController.php(265): CController->runActionWithFilters(Object(CInlineAction), Array)
#7 /chroot/home/cortecle/compositedeckcleaner.com/html/dev/pub/ub-tool/yii/web/CWebApplication.php(282): CController->run('step5')
#8 /chroot/home/cortecle/compositedeckcleaner.com/html/dev/pub/ub-tool/yii/web/CWebApplication.php(141): CWebApplication->runController('migrate/step5')
#9 /chroot/home/cortecle/compositedeckcleaner.com/html/dev/pub/ub-tool/yii/base/CApplication.php(184): CWebApplication->processRequest()
#10 /chroot/home/cortecle/compositedeckcleaner.com/html/dev/pub/ub-tool/index.php(13): CApplication->run()
#11 {main}
REQUEST_URI=/pub/ub-tool/index.php/migrate/step5
HTTP_REFERER=http://dev.compositedeckcleaner.com/pub/ub-tool/index.php/migrate/step5
---
2016/08/01 03:13:24 [error] [system.db.CDbCommand] CDbCommand::execute() failed: SQLSTATE[23000]: Integrity constraint violation: 1062 Duplicate entry '2' for key 'PRIMARY'. The SQL statement executed was: INSERT INTO `mg_catalog_product_entity` (`attribute_set_id`, `type_id`, `has_options`, `required_options`, `entity_id`, `sku`, `created_at`, `updated_at`) VALUES (:yp0, :yp1, :yp2, :yp3, :yp4, :yp5, :yp6, :yp7).
2016/08/01 03:13:24 [error] [exception.CDbException] exception 'CDbException' with message 'CDbCommand failed to execute the SQL statement: SQLSTATE[23000]: Integrity constraint violation: 1062 Duplicate entry '2' for key 'PRIMARY'. The SQL statement executed was: INSERT INTO `mg_catalog_product_entity` (`attribute_set_id`, `type_id`, `has_options`, `required_options`, `entity_id`, `sku`, `created_at`, `updated_at`) VALUES (:yp0, :yp1, :yp2, :yp3, :yp4, :yp5, :yp6, :yp7)' in /chroot/home/cortecle/compositedeckcleaner.com/html/dev/pub/ub-tool/yii/db/CDbCommand.php:358
Stack trace:
#0 /chroot/home/cortecle/compositedeckcleaner.com/html/dev/pub/ub-tool/yii/db/ar/CActiveRecord.php(1080): CDbCommand->execute()
#1 /chroot/home/cortecle/compositedeckcleaner.com/html/dev/pub/ub-tool/yii/db/ar/CActiveRecord.php(809): CActiveRecord->insert(NULL)
#2 /chroot/home/cortecle/compositedeckcleaner.com/html/dev/pub/ub-tool/protected/controllers/MigrateController.php(1034): CActiveRecord->save()
#3 /chroot/home/cortecle/compositedeckcleaner.com/html/dev/pub/ub-tool/yii/web/actions/CInlineAction.php(49): MigrateController->actionStep5()
#4 /chroot/home/cortecle/compositedeckcleaner.com/html/dev/pub/ub-tool/yii/web/CController.php(308): CInlineAction->runWithParams(Array)
#5 /chroot/home/cortecle/compositedeckcleaner.com/html/dev/pub/ub-tool/yii/web/CController.php(286): CController->runAction(Object(CInlineAction))
#6 /chroot/home/cortecle/compositedeckcleaner.com/html/dev/pub/ub-tool/yii/web/CController.php(265): CController->runActionWithFilters(Object(CInlineAction), Array)
#7 /chroot/home/cortecle/compositedeckcleaner.com/html/dev/pub/ub-tool/yii/web/CWebApplication.php(282): CController->run('step5')
#8 /chroot/home/cortecle/compositedeckcleaner.com/html/dev/pub/ub-tool/yii/web/CWebApplication.php(141): CWebApplication->runController('migrate/step5')
#9 /chroot/home/cortecle/compositedeckcleaner.com/html/dev/pub/ub-tool/yii/base/CApplication.php(184): CWebApplication->processRequest()
#10 /chroot/home/cortecle/compositedeckcleaner.com/html/dev/pub/ub-tool/index.php(13): CApplication->run()
#11 {main}
REQUEST_URI=/pub/ub-tool/index.php/migrate/step5
HTTP_REFERER=http://dev.compositedeckcleaner.com/pub/ub-tool/index.php/migrate/step5
---
